<?xml version="1.0" encoding="UTF-8"?>
<testsuite xmlns:xsi="http://www.w3.org/2001/XMLSchema-instance" xsi:noNamespaceSchemaLocation="https://maven.apache.org/surefire/maven-surefire-plugin/xsd/surefire-test-report-3.0.xsd" version="3.0" name="com.ejemplo.AppTest" time="0.192" tests="11" errors="0" skipped="0" failures="0">
  <properties>
[...]
</properties>
  <testcase name="testTipoDatoFactorial" classname="com.ejemplo.AppTest" time="0.045"/>
  <testcase name="testSuma" classname="com.ejemplo.AppTest" time="0.001"/>
  <testcase name="testMultiplicacion" classname="com.ejemplo.AppTest" time="0.001"/>
  <testcase name="testFactorialNegativoLanzaExcepcion" classname="com.ejemplo.AppTest" time="0.004"/>
  <testcase name="testFactorialParametrizado(int, int)[1]" classname="com.ejemplo.AppTest" time="0.028"/>
  <testcase name="testFactorialParametrizado(int, int)[2]" classname="com.ejemplo.AppTest" time="0.002"/>
  <testcase name="testFactorialParametrizado(int, int)[3]" classname="com.ejemplo.AppTest" time="0.002"/>
  <testcase name="testFactorialParametrizado(int, int)[4]" classname="com.ejemplo.AppTest" time="0.002"/>
  <testcase name="testFactorialParametrizado(int, int)[5]" classname="com.ejemplo.AppTest" time="0.001"/>
  <testcase name="testFactorialParametrizado(int, int)[6]" classname="com.ejemplo.AppTest" time="0.001"/>
  <testcase name="testFactorialParametrizado(int, int)[7]" classname="com.ejemplo.AppTest" time="0.002"/>
</testsuite>